<?xml version="1.0" encoding="UTF-8"?>
<!-- Generated by org.testng.reporters.JUnitXMLReporter -->
<testsuite ignored="0" hostname="ASG611780" failures="2" tests="7" name="Command line test" time="63.568" errors="0" timestamp="2021-03-14T11:34:00 AEST">
  <testcase classname="cattest.tests.TestAPI" name="isInValidFactsHTTPStatusCode" time="2.6"/>
  <testcase classname="cattest.tests.TestAPI" name="isInValidFactsIdHTTPStatusCode" time="1.183"/>
  <testcase classname="cattest.tests.TestAPI" name="isValidFactsHTTPStatusCode" time="1.202"/>
  <testcase classname="cattest.tests.TestAPI" name="isValidFactsIdHTTPStatusCode" time="1.209"/>
  <testcase classname="cattest.tests.TestAPI" name="isJSOnStructureCorrect" time="1.543"/>
  <testcase classname="cattest.tests.TestAPI" name="isAllFactsIdValid" time="54.022">
    <failure type="java.lang.AssertionError" message="expected [true] but found [false]">
      <![CDATA[java.lang.AssertionError: expected [true] but found [false]
at cattest.tests.TestAPI.isAllFactsIdValid(TestAPI.java:129)
at java.base/java.util.ArrayList.forEach(ArrayList.java:1511)
... Removed 41 stack frames]]>
    </failure>
  </testcase> <!-- isAllFactsIdValid -->
  <testcase classname="cattest.tests.TestAPI" name="isFactsAllValid" time="1.658">
    <failure type="java.lang.AssertionError" message="expected [true] but found [false]">
      <![CDATA[java.lang.AssertionError: expected [true] but found [false]
at cattest.tests.TestAPI.isFactsAllValid(TestAPI.java:113)
at java.base/java.util.ArrayList.forEach(ArrayList.java:1511)
... Removed 41 stack frames]]>
    </failure>
  </testcase> <!-- isFactsAllValid -->
</testsuite> <!-- Command line test -->
