<?xml version="1.0" encoding="UTF-8" ?>
<testsuite tests="7" failures="2" name="cattest.tests.TestAPI" time="63.429" errors="0" skipped="0">
  <properties>
[...]
</properties>
  <testcase classname="cattest.tests.TestAPI" name="isInValidFactsHTTPStatusCode" time="2.602"/>
  <testcase classname="cattest.tests.TestAPI" name="isInValidFactsIdHTTPStatusCode" time="1.185"/>
  <testcase classname="cattest.tests.TestAPI" name="isValidFactsHTTPStatusCode" time="1.203"/>
  <testcase classname="cattest.tests.TestAPI" name="isValidFactsIdHTTPStatusCode" time="1.208"/>
  <testcase classname="cattest.tests.TestAPI" name="isJSOnStructureCorrect" time="1.543"/>
  <testcase classname="cattest.tests.TestAPI" name="isAllFactsIdValid" time="54.033">
    <failure message="expected [true] but found [false]" type="java.lang.AssertionError">java.lang.AssertionError: expected [true] but found [false]
	at org.testng.Assert.fail(Assert.java:97)
	at org.testng.Assert.assertEqualsImpl(Assert.java:136)
	at org.testng.Assert.assertEquals(Assert.java:118)
	at org.testng.Assert.assertEquals(Assert.java:751)
	at org.testng.Assert.assertEquals(Assert.java:761)
	at cattest.tests.TestAPI.isAllFactsIdValid(TestAPI.java:129)
</failure>
    <system-out>isAllFactsIdValid Error: 5e4c4e10a38ae60015b04a7e not found
isAllFactsIdValid Error: 5e546a054e83e80015a0e320 not found
isAllFactsIdValid Error: 5e66bb2967112d00157b0d7c not found
</system-out>
  </testcase>
  <testcase classname="cattest.tests.TestAPI" name="isFactsAllValid" time="1.655">
    <failure message="expected [true] but found [false]" type="java.lang.AssertionError">java.lang.AssertionError: expected [true] but found [false]
	at org.testng.Assert.fail(Assert.java:97)
	at org.testng.Assert.assertEqualsImpl(Assert.java:136)
	at org.testng.Assert.assertEquals(Assert.java:118)
	at org.testng.Assert.assertEquals(Assert.java:751)
	at org.testng.Assert.assertEquals(Assert.java:761)
	at cattest.tests.TestAPI.isFactsAllValid(TestAPI.java:113)
</failure>
    <system-out>isFactsAllValid Error: 5887e1d85c873e0011036889 not found
isFactsAllValid Error: 588e746706ac2b00110e59ff not found
isFactsAllValid Error: 58923f2fc3878c0011784c79 not found
isFactsAllValid Error: 5894af975cdc7400113ef7f9 not found
isFactsAllValid Error: 58e007cc0aac31001185ecf5 not found
</system-out>
  </testcase>
</testsuite>