<?xml version="1.0" encoding="UTF-8"?>
<testng-results ignored="0" total="3" passed="3" failed="0" skipped="0">
  <reporter-output>
  </reporter-output>
  <suite started-at="2021-03-13T17:48:27 AEST" name="Default suite" finished-at="2021-03-13T17:48:31 AEST" duration-ms="3830">
    <groups>
    </groups>
    <test started-at="2021-03-13T17:48:27 AEST" name="Default test" finished-at="2021-03-13T17:48:31 AEST" duration-ms="3830">
      <class name="TestAPI">
        <test-method signature="f()[pri:0, instance:TestAPI@4f67eb2a]" started-at="2021-03-13T17:48:27 AEST" name="f" finished-at="2021-03-13T17:48:27 AEST" duration-ms="13" status="PASS">
          <reporter-output>
          </reporter-output>
        </test-method> <!-- f -->
        <test-method signature="testFacts()[pri:0, instance:TestAPI@4f67eb2a]" started-at="2021-03-13T17:48:27 AEST" name="testFacts" finished-at="2021-03-13T17:48:30 AEST" duration-ms="2550" status="PASS">
          <reporter-output>
          </reporter-output>
        </test-method> <!-- testFacts -->
        <test-method signature="testFactsId()[pri:0, instance:TestAPI@4f67eb2a]" started-at="2021-03-13T17:48:30 AEST" name="testFactsId" finished-at="2021-03-13T17:48:31 AEST" duration-ms="1226" status="PASS">
          <reporter-output>
          </reporter-output>
        </test-method> <!-- testFactsId -->
      </class> <!-- TestAPI -->
    </test> <!-- Default test -->
  </suite> <!-- Default suite -->
</testng-results>
